<?xml version="1.0" encoding="UTF-8"?>
<!-- Generated by org.testng.reporters.JUnitXMLReporter -->
<testsuite ignored="0" hostname="Soumya" failures="0" tests="4" name="Test" time="32.916" errors="0" timestamp="2023-12-18T10:39:59 IST">
  <testcase classname="Test_Package.FAcebbok_test" name="loginToFacebookTest" time="3.386"/>
  <testcase classname="Test_Package.FAcebbok_test" name="loginToFacebookTest" time="4.022"/>
  <testcase classname="Test_Package.FAcebbok_test" name="loginToFacebookTest" time="3.456"/>
  <testcase classname="Test_Package.FAcebbok_test" name="loginToFacebookTest" time="3.329"/>
</testsuite> <!-- Test -->
